[2025-05-15T17:02:05.078+0000] {manager.py:470} INFO - Processing files using up to 2 processes at a time 
[2025-05-15T17:02:05.079+0000] {manager.py:471} INFO - Process each file at most once every 30 seconds
[2025-05-15T17:02:05.080+0000] {manager.py:472} INFO - Checking for new files in /opt/airflow/dags every 300 seconds
[2025-05-15T17:02:05.081+0000] {manager.py:737} INFO - Searching for files in /opt/airflow/dags
[2025-05-15T17:02:05.097+0000] {manager.py:740} INFO - There are 1 files in /opt/airflow/dags
[2025-05-15T17:02:05.197+0000] {manager.py:878} INFO - 
================================================================================
DAG File Processing Stats

File Path                               PID  Runtime      # DAGs    # Errors  Last Runtime    Last Run
------------------------------------  -----  ---------  --------  ----------  --------------  ----------
/opt/airflow/dags/korzinavdom_dag.py    167  0.06s             0           0
================================================================================
[2025-05-15T17:02:37.995+0000] {manager.py:878} INFO - 
================================================================================
DAG File Processing Stats

File Path                             PID    Runtime      # DAGs    # Errors  Last Runtime    Last Run
------------------------------------  -----  ---------  --------  ----------  --------------  -------------------
/opt/airflow/dags/korzinavdom_dag.py                           0           1  0.09s           2025-05-15T17:02:36
================================================================================
[2025-05-15T17:03:11.384+0000] {manager.py:878} INFO - 
================================================================================
DAG File Processing Stats

File Path                             PID    Runtime      # DAGs    # Errors  Last Runtime    Last Run
------------------------------------  -----  ---------  --------  ----------  --------------  -------------------
/opt/airflow/dags/korzinavdom_dag.py                           0           1  0.06s           2025-05-15T17:03:06
================================================================================
[2025-05-15T17:03:43.429+0000] {manager.py:878} INFO - 
================================================================================
DAG File Processing Stats

File Path                             PID    Runtime      # DAGs    # Errors  Last Runtime    Last Run
------------------------------------  -----  ---------  --------  ----------  --------------  -------------------
/opt/airflow/dags/korzinavdom_dag.py                           0           1  0.06s           2025-05-15T17:03:36
================================================================================
[2025-05-15T17:04:16.384+0000] {manager.py:878} INFO - 
================================================================================
DAG File Processing Stats

File Path                             PID    Runtime      # DAGs    # Errors  Last Runtime    Last Run
------------------------------------  -----  ---------  --------  ----------  --------------  -------------------
/opt/airflow/dags/korzinavdom_dag.py                           0           1  0.05s           2025-05-15T17:04:07
================================================================================
[2025-05-15T17:04:49.207+0000] {manager.py:878} INFO - 
================================================================================
DAG File Processing Stats

File Path                             PID    Runtime      # DAGs    # Errors  Last Runtime    Last Run
------------------------------------  -----  ---------  --------  ----------  --------------  -------------------
/opt/airflow/dags/korzinavdom_dag.py                           0           1  0.06s           2025-05-15T17:04:40
================================================================================
[2025-05-15T17:05:22.166+0000] {manager.py:878} INFO - 
================================================================================
DAG File Processing Stats

File Path                             PID    Runtime      # DAGs    # Errors  Last Runtime    Last Run
------------------------------------  -----  ---------  --------  ----------  --------------  -------------------
/opt/airflow/dags/korzinavdom_dag.py                           0           1  0.07s           2025-05-15T17:05:13
================================================================================
[2025-05-15T17:05:55.002+0000] {manager.py:878} INFO - 
================================================================================
DAG File Processing Stats

File Path                             PID    Runtime      # DAGs    # Errors  Last Runtime    Last Run
------------------------------------  -----  ---------  --------  ----------  --------------  -------------------
/opt/airflow/dags/korzinavdom_dag.py                           0           1  0.06s           2025-05-15T17:05:46
================================================================================
[2025-05-15T17:06:27.911+0000] {manager.py:878} INFO - 
================================================================================
DAG File Processing Stats

File Path                             PID    Runtime      # DAGs    # Errors  Last Runtime    Last Run
------------------------------------  -----  ---------  --------  ----------  --------------  -------------------
/opt/airflow/dags/korzinavdom_dag.py                           0           1  0.06s           2025-05-15T17:06:18
================================================================================
[2025-05-15T17:07:00.838+0000] {manager.py:878} INFO - 
================================================================================
DAG File Processing Stats

File Path                             PID    Runtime      # DAGs    # Errors  Last Runtime    Last Run
------------------------------------  -----  ---------  --------  ----------  --------------  -------------------
/opt/airflow/dags/korzinavdom_dag.py                           1           0  0.52s           2025-05-15T17:06:51
================================================================================
[2025-05-15T17:07:02.706+0000] {manager.py:452} INFO - Exiting gracefully upon receiving signal 15
[2025-05-15T17:12:13.294+0000] {manager.py:470} INFO - Processing files using up to 2 processes at a time 
[2025-05-15T17:12:13.295+0000] {manager.py:471} INFO - Process each file at most once every 30 seconds
[2025-05-15T17:12:13.295+0000] {manager.py:472} INFO - Checking for new files in /opt/airflow/dags every 300 seconds
[2025-05-15T17:12:13.296+0000] {manager.py:737} INFO - Searching for files in /opt/airflow/dags
[2025-05-15T17:12:13.326+0000] {manager.py:740} INFO - There are 1 files in /opt/airflow/dags
[2025-05-15T17:12:13.404+0000] {manager.py:878} INFO - 
================================================================================
DAG File Processing Stats

File Path                               PID  Runtime      # DAGs    # Errors  Last Runtime    Last Run
------------------------------------  -----  ---------  --------  ----------  --------------  ----------
/opt/airflow/dags/korzinavdom_dag.py    167  0.04s             0           0
================================================================================
[2025-05-15T17:12:46.041+0000] {manager.py:878} INFO - 
================================================================================
DAG File Processing Stats

File Path                             PID    Runtime      # DAGs    # Errors  Last Runtime    Last Run
------------------------------------  -----  ---------  --------  ----------  --------------  -------------------
/opt/airflow/dags/korzinavdom_dag.py                           1           0  0.42s           2025-05-15T17:12:44
================================================================================
[2025-05-15T17:13:18.817+0000] {manager.py:878} INFO - 
================================================================================
DAG File Processing Stats

File Path                             PID    Runtime      # DAGs    # Errors  Last Runtime    Last Run
------------------------------------  -----  ---------  --------  ----------  --------------  -------------------
/opt/airflow/dags/korzinavdom_dag.py                           1           0  0.33s           2025-05-15T17:13:15
================================================================================
[2025-05-15T17:13:52.502+0000] {manager.py:878} INFO - 
================================================================================
DAG File Processing Stats

File Path                             PID    Runtime      # DAGs    # Errors  Last Runtime    Last Run
------------------------------------  -----  ---------  --------  ----------  --------------  -------------------
/opt/airflow/dags/korzinavdom_dag.py                           1           0  0.51s           2025-05-15T17:13:45
================================================================================
[2025-05-15T17:14:27.672+0000] {manager.py:878} INFO - 
================================================================================
DAG File Processing Stats

File Path                             PID    Runtime      # DAGs    # Errors  Last Runtime    Last Run
------------------------------------  -----  ---------  --------  ----------  --------------  -------------------
/opt/airflow/dags/korzinavdom_dag.py                           1           0  0.31s           2025-05-15T17:14:16
================================================================================
[2025-05-15T17:15:00.605+0000] {manager.py:878} INFO - 
================================================================================
DAG File Processing Stats

File Path                             PID    Runtime      # DAGs    # Errors  Last Runtime    Last Run
------------------------------------  -----  ---------  --------  ----------  --------------  -------------------
/opt/airflow/dags/korzinavdom_dag.py                           1           0  0.34s           2025-05-15T17:14:47
================================================================================
[2025-05-15T17:15:33.602+0000] {manager.py:878} INFO - 
================================================================================
DAG File Processing Stats

File Path                             PID    Runtime      # DAGs    # Errors  Last Runtime    Last Run
------------------------------------  -----  ---------  --------  ----------  --------------  -------------------
/opt/airflow/dags/korzinavdom_dag.py                           1           0  0.31s           2025-05-15T17:15:18
================================================================================
[2025-05-15T17:16:06.416+0000] {manager.py:878} INFO - 
================================================================================
DAG File Processing Stats

File Path                             PID    Runtime      # DAGs    # Errors  Last Runtime    Last Run
------------------------------------  -----  ---------  --------  ----------  --------------  -------------------
/opt/airflow/dags/korzinavdom_dag.py                           1           0  0.30s           2025-05-15T17:15:48
================================================================================
[2025-05-15T17:16:39.431+0000] {manager.py:878} INFO - 
================================================================================
DAG File Processing Stats

File Path                             PID    Runtime      # DAGs    # Errors  Last Runtime    Last Run
------------------------------------  -----  ---------  --------  ----------  --------------  -------------------
/opt/airflow/dags/korzinavdom_dag.py                           1           0  0.38s           2025-05-15T17:16:19
================================================================================
[2025-05-15T17:17:12.501+0000] {manager.py:878} INFO - 
================================================================================
DAG File Processing Stats

File Path                             PID    Runtime      # DAGs    # Errors  Last Runtime    Last Run
------------------------------------  -----  ---------  --------  ----------  --------------  -------------------
/opt/airflow/dags/korzinavdom_dag.py                           1           0  0.34s           2025-05-15T17:16:50
================================================================================
[2025-05-15T17:17:13.505+0000] {manager.py:737} INFO - Searching for files in /opt/airflow/dags
[2025-05-15T17:17:13.535+0000] {manager.py:740} INFO - There are 1 files in /opt/airflow/dags
[2025-05-15T17:17:45.315+0000] {manager.py:878} INFO - 
================================================================================
DAG File Processing Stats

File Path                             PID    Runtime      # DAGs    # Errors  Last Runtime    Last Run
------------------------------------  -----  ---------  --------  ----------  --------------  -------------------
/opt/airflow/dags/korzinavdom_dag.py                           1           0  0.34s           2025-05-15T17:17:21
================================================================================
[2025-05-15T17:18:18.523+0000] {manager.py:878} INFO - 
================================================================================
DAG File Processing Stats

File Path                             PID    Runtime      # DAGs    # Errors  Last Runtime    Last Run
------------------------------------  -----  ---------  --------  ----------  --------------  -------------------
/opt/airflow/dags/korzinavdom_dag.py                           1           0  0.32s           2025-05-15T17:17:52
================================================================================
[2025-05-15T17:18:51.339+0000] {manager.py:878} INFO - 
================================================================================
DAG File Processing Stats

File Path                             PID    Runtime      # DAGs    # Errors  Last Runtime    Last Run
------------------------------------  -----  ---------  --------  ----------  --------------  -------------------
/opt/airflow/dags/korzinavdom_dag.py                           1           0  0.35s           2025-05-15T17:18:23
================================================================================
[2025-05-15T17:19:24.532+0000] {manager.py:878} INFO - 
================================================================================
DAG File Processing Stats

File Path                               PID  Runtime      # DAGs    # Errors  Last Runtime    Last Run
------------------------------------  -----  ---------  --------  ----------  --------------  -------------------
/opt/airflow/dags/korzinavdom_dag.py    242  0.00s             1           0  0.34s           2025-05-15T17:18:53
================================================================================
[2025-05-15T17:19:57.538+0000] {manager.py:878} INFO - 
================================================================================
DAG File Processing Stats

File Path                             PID    Runtime      # DAGs    # Errors  Last Runtime    Last Run
------------------------------------  -----  ---------  --------  ----------  --------------  -------------------
/opt/airflow/dags/korzinavdom_dag.py                           1           0  0.35s           2025-05-15T17:19:55
================================================================================
[2025-05-15T17:20:30.336+0000] {manager.py:878} INFO - 
================================================================================
DAG File Processing Stats

File Path                             PID    Runtime      # DAGs    # Errors  Last Runtime    Last Run
------------------------------------  -----  ---------  --------  ----------  --------------  -------------------
/opt/airflow/dags/korzinavdom_dag.py                           1           0  0.41s           2025-05-15T17:20:26
================================================================================
[2025-05-15T17:20:37.321+0000] {manager.py:452} INFO - Exiting gracefully upon receiving signal 15
[2025-05-15T17:20:59.185+0000] {manager.py:470} INFO - Processing files using up to 2 processes at a time 
[2025-05-15T17:20:59.186+0000] {manager.py:471} INFO - Process each file at most once every 30 seconds
[2025-05-15T17:20:59.187+0000] {manager.py:472} INFO - Checking for new files in /opt/airflow/dags every 300 seconds
[2025-05-15T17:20:59.187+0000] {manager.py:737} INFO - Searching for files in /opt/airflow/dags
[2025-05-15T17:20:59.219+0000] {manager.py:740} INFO - There are 1 files in /opt/airflow/dags
[2025-05-15T17:20:59.284+0000] {manager.py:878} INFO - 
================================================================================
DAG File Processing Stats

File Path                               PID  Runtime      # DAGs    # Errors  Last Runtime    Last Run
------------------------------------  -----  ---------  --------  ----------  --------------  ----------
/opt/airflow/dags/korzinavdom_dag.py    167  0.03s             0           0
================================================================================
[2025-05-15T17:21:32.178+0000] {manager.py:878} INFO - 
================================================================================
DAG File Processing Stats

File Path                               PID  Runtime      # DAGs    # Errors  Last Runtime    Last Run
------------------------------------  -----  ---------  --------  ----------  --------------  -------------------
/opt/airflow/dags/korzinavdom_dag.py    172  0.01s             1           0  0.35s           2025-05-15T17:20:59
================================================================================
[2025-05-15T17:22:05.477+0000] {manager.py:878} INFO - 
================================================================================
DAG File Processing Stats

File Path                             PID    Runtime      # DAGs    # Errors  Last Runtime    Last Run
------------------------------------  -----  ---------  --------  ----------  --------------  -------------------
/opt/airflow/dags/korzinavdom_dag.py                           1           0  0.30s           2025-05-15T17:22:04
================================================================================
[2025-05-15T17:22:38.411+0000] {manager.py:878} INFO - 
================================================================================
DAG File Processing Stats

File Path                             PID    Runtime      # DAGs    # Errors  Last Runtime    Last Run
------------------------------------  -----  ---------  --------  ----------  --------------  -------------------
/opt/airflow/dags/korzinavdom_dag.py                           1           0  0.36s           2025-05-15T17:22:37
================================================================================
[2025-05-15T17:23:03.517+0000] {manager.py:452} INFO - Exiting gracefully upon receiving signal 15
[2025-05-15T17:23:24.443+0000] {manager.py:470} INFO - Processing files using up to 2 processes at a time 
[2025-05-15T17:23:24.444+0000] {manager.py:471} INFO - Process each file at most once every 30 seconds
[2025-05-15T17:23:24.445+0000] {manager.py:472} INFO - Checking for new files in /opt/airflow/dags every 300 seconds
[2025-05-15T17:23:24.445+0000] {manager.py:737} INFO - Searching for files in /opt/airflow/dags
[2025-05-15T17:23:24.476+0000] {manager.py:740} INFO - There are 1 files in /opt/airflow/dags
[2025-05-15T17:23:24.537+0000] {manager.py:878} INFO - 
================================================================================
DAG File Processing Stats

File Path                               PID  Runtime      # DAGs    # Errors  Last Runtime    Last Run
------------------------------------  -----  ---------  --------  ----------  --------------  ----------
/opt/airflow/dags/korzinavdom_dag.py    167  0.03s             0           0
================================================================================
[2025-05-15T17:23:57.596+0000] {manager.py:878} INFO - 
================================================================================
DAG File Processing Stats

File Path                             PID    Runtime      # DAGs    # Errors  Last Runtime    Last Run
------------------------------------  -----  ---------  --------  ----------  --------------  -------------------
/opt/airflow/dags/korzinavdom_dag.py                           1           0  0.51s           2025-05-15T17:23:55
================================================================================
[2025-05-15T17:24:30.648+0000] {manager.py:878} INFO - 
================================================================================
DAG File Processing Stats

File Path                             PID    Runtime      # DAGs    # Errors  Last Runtime    Last Run
------------------------------------  -----  ---------  --------  ----------  --------------  -------------------
/opt/airflow/dags/korzinavdom_dag.py                           1           0  0.30s           2025-05-15T17:24:26
================================================================================
[2025-05-15T17:25:03.372+0000] {manager.py:878} INFO - 
================================================================================
DAG File Processing Stats

File Path                             PID    Runtime      # DAGs    # Errors  Last Runtime    Last Run
------------------------------------  -----  ---------  --------  ----------  --------------  -------------------
/opt/airflow/dags/korzinavdom_dag.py                           1           0  0.32s           2025-05-15T17:24:57
================================================================================
[2025-05-15T17:25:36.223+0000] {manager.py:878} INFO - 
================================================================================
DAG File Processing Stats

File Path                             PID    Runtime      # DAGs    # Errors  Last Runtime    Last Run
------------------------------------  -----  ---------  --------  ----------  --------------  -------------------
/opt/airflow/dags/korzinavdom_dag.py                           1           0  0.29s           2025-05-15T17:25:28
================================================================================
[2025-05-15T17:26:09.315+0000] {manager.py:878} INFO - 
================================================================================
DAG File Processing Stats

File Path                             PID    Runtime      # DAGs    # Errors  Last Runtime    Last Run
------------------------------------  -----  ---------  --------  ----------  --------------  -------------------
/opt/airflow/dags/korzinavdom_dag.py                           1           0  0.32s           2025-05-15T17:25:59
================================================================================
[2025-05-15T17:26:43.648+0000] {manager.py:878} INFO - 
================================================================================
DAG File Processing Stats

File Path                             PID    Runtime      # DAGs    # Errors  Last Runtime    Last Run
------------------------------------  -----  ---------  --------  ----------  --------------  -------------------
/opt/airflow/dags/korzinavdom_dag.py                           1           0  0.32s           2025-05-15T17:26:29
================================================================================
[2025-05-15T17:27:15.075+0000] {manager.py:878} INFO - 
================================================================================
DAG File Processing Stats

File Path                             PID    Runtime      # DAGs    # Errors  Last Runtime    Last Run
------------------------------------  -----  ---------  --------  ----------  --------------  -------------------
/opt/airflow/dags/korzinavdom_dag.py                           1           0  0.32s           2025-05-15T17:27:01
================================================================================
[2025-05-15T17:27:48.118+0000] {manager.py:878} INFO - 
================================================================================
DAG File Processing Stats

File Path                             PID    Runtime      # DAGs    # Errors  Last Runtime    Last Run
------------------------------------  -----  ---------  --------  ----------  --------------  -------------------
/opt/airflow/dags/korzinavdom_dag.py                           1           0  0.31s           2025-05-15T17:27:32
================================================================================
[2025-05-15T17:28:24.080+0000] {manager.py:878} INFO - 
================================================================================
DAG File Processing Stats

File Path                             PID    Runtime      # DAGs    # Errors  Last Runtime    Last Run
------------------------------------  -----  ---------  --------  ----------  --------------  -------------------
/opt/airflow/dags/korzinavdom_dag.py                           1           0  0.33s           2025-05-15T17:28:02
================================================================================
[2025-05-15T17:28:25.087+0000] {manager.py:737} INFO - Searching for files in /opt/airflow/dags
[2025-05-15T17:28:25.119+0000] {manager.py:740} INFO - There are 1 files in /opt/airflow/dags
[2025-05-15T17:28:53.863+0000] {manager.py:878} INFO - 
================================================================================
DAG File Processing Stats

File Path                             PID    Runtime      # DAGs    # Errors  Last Runtime    Last Run
------------------------------------  -----  ---------  --------  ----------  --------------  -------------------
/opt/airflow/dags/korzinavdom_dag.py                           1           0  0.32s           2025-05-15T17:28:33
================================================================================
[2025-05-15T17:29:29.835+0000] {manager.py:878} INFO - 
================================================================================
DAG File Processing Stats

File Path                             PID    Runtime      # DAGs    # Errors  Last Runtime    Last Run
------------------------------------  -----  ---------  --------  ----------  --------------  -------------------
/opt/airflow/dags/korzinavdom_dag.py                           1           0  0.33s           2025-05-15T17:29:04
================================================================================
[2025-05-15T17:29:57.353+0000] {manager.py:878} INFO - 
================================================================================
DAG File Processing Stats

File Path                             PID    Runtime      # DAGs    # Errors  Last Runtime    Last Run
------------------------------------  -----  ---------  --------  ----------  --------------  -------------------
/opt/airflow/dags/korzinavdom_dag.py                           1           0  0.34s           2025-05-15T17:29:35
================================================================================
[2025-05-15T17:30:32.966+0000] {manager.py:878} INFO - 
================================================================================
DAG File Processing Stats

File Path                             PID    Runtime      # DAGs    # Errors  Last Runtime    Last Run
------------------------------------  -----  ---------  --------  ----------  --------------  -------------------
/opt/airflow/dags/korzinavdom_dag.py                           1           0  0.33s           2025-05-15T17:30:05
================================================================================
[2025-05-15T17:31:05.972+0000] {manager.py:878} INFO - 
================================================================================
DAG File Processing Stats

File Path                             PID    Runtime      # DAGs    # Errors  Last Runtime    Last Run
------------------------------------  -----  ---------  --------  ----------  --------------  -------------------
/opt/airflow/dags/korzinavdom_dag.py                           1           0  0.33s           2025-05-15T17:30:36
================================================================================
[2025-05-15T17:31:39.116+0000] {manager.py:878} INFO - 
================================================================================
DAG File Processing Stats

File Path                             PID    Runtime      # DAGs    # Errors  Last Runtime    Last Run
------------------------------------  -----  ---------  --------  ----------  --------------  -------------------
/opt/airflow/dags/korzinavdom_dag.py                           1           0  0.31s           2025-05-15T17:31:38
================================================================================
[2025-05-15T17:32:12.105+0000] {manager.py:878} INFO - 
================================================================================
DAG File Processing Stats

File Path                             PID    Runtime      # DAGs    # Errors  Last Runtime    Last Run
------------------------------------  -----  ---------  --------  ----------  --------------  -------------------
/opt/airflow/dags/korzinavdom_dag.py                           1           0  0.30s           2025-05-15T17:32:09
================================================================================
[2025-05-15T17:32:45.247+0000] {manager.py:878} INFO - 
================================================================================
DAG File Processing Stats

File Path                             PID    Runtime      # DAGs    # Errors  Last Runtime    Last Run
------------------------------------  -----  ---------  --------  ----------  --------------  -------------------
/opt/airflow/dags/korzinavdom_dag.py                           1           0  0.35s           2025-05-15T17:32:40
================================================================================
[2025-05-15T17:33:18.125+0000] {manager.py:878} INFO - 
================================================================================
DAG File Processing Stats

File Path                             PID    Runtime      # DAGs    # Errors  Last Runtime    Last Run
------------------------------------  -----  ---------  --------  ----------  --------------  -------------------
/opt/airflow/dags/korzinavdom_dag.py                           1           0  0.34s           2025-05-15T17:33:11
================================================================================
[2025-05-15T17:33:25.165+0000] {manager.py:737} INFO - Searching for files in /opt/airflow/dags
[2025-05-15T17:33:25.195+0000] {manager.py:740} INFO - There are 1 files in /opt/airflow/dags
[2025-05-15T17:33:54.148+0000] {manager.py:878} INFO - 
================================================================================
DAG File Processing Stats

File Path                             PID    Runtime      # DAGs    # Errors  Last Runtime    Last Run
------------------------------------  -----  ---------  --------  ----------  --------------  -------------------
/opt/airflow/dags/korzinavdom_dag.py                           1           0  0.32s           2025-05-15T17:33:42
================================================================================
[2025-05-15T17:34:12.635+0000] {manager.py:452} INFO - Exiting gracefully upon receiving signal 15
[2025-05-15T17:37:52.821+0000] {manager.py:470} INFO - Processing files using up to 2 processes at a time 
[2025-05-15T17:37:52.822+0000] {manager.py:471} INFO - Process each file at most once every 30 seconds
[2025-05-15T17:37:52.822+0000] {manager.py:472} INFO - Checking for new files in /opt/airflow/dags every 300 seconds
[2025-05-15T17:37:52.823+0000] {manager.py:737} INFO - Searching for files in /opt/airflow/dags
[2025-05-15T17:37:52.854+0000] {manager.py:740} INFO - There are 1 files in /opt/airflow/dags
[2025-05-15T17:37:52.924+0000] {manager.py:878} INFO - 
================================================================================
DAG File Processing Stats

File Path                               PID  Runtime      # DAGs    # Errors  Last Runtime    Last Run
------------------------------------  -----  ---------  --------  ----------  --------------  ----------
/opt/airflow/dags/korzinavdom_dag.py    167  0.03s             0           0
================================================================================
[2025-05-15T17:38:25.700+0000] {manager.py:878} INFO - 
================================================================================
DAG File Processing Stats

File Path                             PID    Runtime      # DAGs    # Errors  Last Runtime    Last Run
------------------------------------  -----  ---------  --------  ----------  --------------  -------------------
/opt/airflow/dags/korzinavdom_dag.py                           1           0  0.46s           2025-05-15T17:38:23
================================================================================
[2025-05-15T17:38:56.638+0000] {manager.py:878} INFO - 
================================================================================
DAG File Processing Stats

File Path                             PID    Runtime      # DAGs    # Errors  Last Runtime    Last Run
------------------------------------  -----  ---------  --------  ----------  --------------  -------------------
/opt/airflow/dags/korzinavdom_dag.py                           1           0  0.32s           2025-05-15T17:38:54
================================================================================
[2025-05-15T17:39:29.403+0000] {manager.py:878} INFO - 
================================================================================
DAG File Processing Stats

File Path                             PID    Runtime      # DAGs    # Errors  Last Runtime    Last Run
------------------------------------  -----  ---------  --------  ----------  --------------  -------------------
/opt/airflow/dags/korzinavdom_dag.py                           1           0  0.34s           2025-05-15T17:39:25
================================================================================
[2025-05-15T17:40:01.721+0000] {manager.py:878} INFO - 
================================================================================
DAG File Processing Stats

File Path                             PID    Runtime      # DAGs    # Errors  Last Runtime    Last Run
------------------------------------  -----  ---------  --------  ----------  --------------  -------------------
/opt/airflow/dags/korzinavdom_dag.py                           1           0  0.35s           2025-05-15T17:39:55
================================================================================
[2025-05-15T17:40:34.816+0000] {manager.py:878} INFO - 
================================================================================
DAG File Processing Stats

File Path                             PID    Runtime      # DAGs    # Errors  Last Runtime    Last Run
------------------------------------  -----  ---------  --------  ----------  --------------  -------------------
/opt/airflow/dags/korzinavdom_dag.py                           1           0  0.33s           2025-05-15T17:40:26
================================================================================
[2025-05-15T17:41:07.260+0000] {manager.py:878} INFO - 
================================================================================
DAG File Processing Stats

File Path                             PID    Runtime      # DAGs    # Errors  Last Runtime    Last Run
------------------------------------  -----  ---------  --------  ----------  --------------  -------------------
/opt/airflow/dags/korzinavdom_dag.py                           1           0  0.33s           2025-05-15T17:40:57
================================================================================
[2025-05-15T17:41:40.401+0000] {manager.py:878} INFO - 
================================================================================
DAG File Processing Stats

File Path                             PID    Runtime      # DAGs    # Errors  Last Runtime    Last Run
------------------------------------  -----  ---------  --------  ----------  --------------  -------------------
/opt/airflow/dags/korzinavdom_dag.py                           1           0  0.38s           2025-05-15T17:41:30
================================================================================
[2025-05-15T17:42:12.618+0000] {manager.py:878} INFO - 
================================================================================
DAG File Processing Stats

File Path                             PID    Runtime      # DAGs    # Errors  Last Runtime    Last Run
------------------------------------  -----  ---------  --------  ----------  --------------  -------------------
/opt/airflow/dags/korzinavdom_dag.py                           1           0  0.33s           2025-05-15T17:42:01
================================================================================
[2025-05-15T17:42:45.512+0000] {manager.py:878} INFO - 
================================================================================
DAG File Processing Stats

File Path                             PID    Runtime      # DAGs    # Errors  Last Runtime    Last Run
------------------------------------  -----  ---------  --------  ----------  --------------  -------------------
/opt/airflow/dags/korzinavdom_dag.py                           1           0  0.33s           2025-05-15T17:42:34
================================================================================
[2025-05-15T17:42:52.845+0000] {manager.py:737} INFO - Searching for files in /opt/airflow/dags
[2025-05-15T17:42:52.895+0000] {manager.py:740} INFO - There are 1 files in /opt/airflow/dags
[2025-05-15T17:43:18.224+0000] {manager.py:878} INFO - 
================================================================================
DAG File Processing Stats

File Path                             PID    Runtime      # DAGs    # Errors  Last Runtime    Last Run
------------------------------------  -----  ---------  --------  ----------  --------------  -------------------
/opt/airflow/dags/korzinavdom_dag.py                           1           0  0.32s           2025-05-15T17:43:07
================================================================================
[2025-05-15T17:43:51.076+0000] {manager.py:878} INFO - 
================================================================================
DAG File Processing Stats

File Path                             PID    Runtime      # DAGs    # Errors  Last Runtime    Last Run
------------------------------------  -----  ---------  --------  ----------  --------------  -------------------
/opt/airflow/dags/korzinavdom_dag.py                           1           0  0.29s           2025-05-15T17:43:40
================================================================================
[2025-05-15T17:44:23.659+0000] {manager.py:878} INFO - 
================================================================================
DAG File Processing Stats

File Path                             PID    Runtime      # DAGs    # Errors  Last Runtime    Last Run
------------------------------------  -----  ---------  --------  ----------  --------------  -------------------
/opt/airflow/dags/korzinavdom_dag.py                           1           0  0.33s           2025-05-15T17:44:11
================================================================================
[2025-05-15T17:44:56.728+0000] {manager.py:878} INFO - 
================================================================================
DAG File Processing Stats

File Path                             PID    Runtime      # DAGs    # Errors  Last Runtime    Last Run
------------------------------------  -----  ---------  --------  ----------  --------------  -------------------
/opt/airflow/dags/korzinavdom_dag.py                           1           0  0.37s           2025-05-15T17:44:44
================================================================================
[2025-05-15T17:45:29.441+0000] {manager.py:878} INFO - 
================================================================================
DAG File Processing Stats

File Path                             PID    Runtime      # DAGs    # Errors  Last Runtime    Last Run
------------------------------------  -----  ---------  --------  ----------  --------------  -------------------
/opt/airflow/dags/korzinavdom_dag.py                           1           0  0.30s           2025-05-15T17:45:17
================================================================================
[2025-05-15T17:46:02.343+0000] {manager.py:878} INFO - 
================================================================================
DAG File Processing Stats

File Path                             PID    Runtime      # DAGs    # Errors  Last Runtime    Last Run
------------------------------------  -----  ---------  --------  ----------  --------------  -------------------
/opt/airflow/dags/korzinavdom_dag.py                           1           0  0.31s           2025-05-15T17:45:49
================================================================================
[2025-05-15T17:46:35.294+0000] {manager.py:878} INFO - 
================================================================================
DAG File Processing Stats

File Path                             PID    Runtime      # DAGs    # Errors  Last Runtime    Last Run
------------------------------------  -----  ---------  --------  ----------  --------------  -------------------
/opt/airflow/dags/korzinavdom_dag.py                           1           0  0.44s           2025-05-15T17:46:22
================================================================================
[2025-05-15T17:47:08.265+0000] {manager.py:878} INFO - 
================================================================================
DAG File Processing Stats

File Path                             PID    Runtime      # DAGs    # Errors  Last Runtime    Last Run
------------------------------------  -----  ---------  --------  ----------  --------------  -------------------
/opt/airflow/dags/korzinavdom_dag.py                           1           0  0.30s           2025-05-15T17:46:55
================================================================================
[2025-05-15T17:47:41.022+0000] {manager.py:878} INFO - 
================================================================================
DAG File Processing Stats

File Path                             PID    Runtime      # DAGs    # Errors  Last Runtime    Last Run
------------------------------------  -----  ---------  --------  ----------  --------------  -------------------
/opt/airflow/dags/korzinavdom_dag.py                           1           0  0.33s           2025-05-15T17:47:27
================================================================================
[2025-05-15T17:47:53.098+0000] {manager.py:737} INFO - Searching for files in /opt/airflow/dags
[2025-05-15T17:47:53.135+0000] {manager.py:740} INFO - There are 1 files in /opt/airflow/dags
[2025-05-15T17:48:13.817+0000] {manager.py:878} INFO - 
================================================================================
DAG File Processing Stats

File Path                             PID    Runtime      # DAGs    # Errors  Last Runtime    Last Run
------------------------------------  -----  ---------  --------  ----------  --------------  -------------------
/opt/airflow/dags/korzinavdom_dag.py                           1           0  0.34s           2025-05-15T17:47:59
================================================================================
[2025-05-15T17:48:46.491+0000] {manager.py:878} INFO - 
================================================================================
DAG File Processing Stats

File Path                             PID    Runtime      # DAGs    # Errors  Last Runtime    Last Run
------------------------------------  -----  ---------  --------  ----------  --------------  -------------------
/opt/airflow/dags/korzinavdom_dag.py                           1           0  0.31s           2025-05-15T17:48:31
================================================================================
[2025-05-15T17:49:19.407+0000] {manager.py:878} INFO - 
================================================================================
DAG File Processing Stats

File Path                             PID    Runtime      # DAGs    # Errors  Last Runtime    Last Run
------------------------------------  -----  ---------  --------  ----------  --------------  -------------------
/opt/airflow/dags/korzinavdom_dag.py                           1           0  0.29s           2025-05-15T17:49:04
================================================================================
[2025-05-15T17:49:52.292+0000] {manager.py:878} INFO - 
================================================================================
DAG File Processing Stats

File Path                             PID    Runtime      # DAGs    # Errors  Last Runtime    Last Run
------------------------------------  -----  ---------  --------  ----------  --------------  -------------------
/opt/airflow/dags/korzinavdom_dag.py                           1           0  0.32s           2025-05-15T17:49:37
================================================================================
[2025-05-15T17:50:24.897+0000] {manager.py:878} INFO - 
================================================================================
DAG File Processing Stats

File Path                             PID    Runtime      # DAGs    # Errors  Last Runtime    Last Run
------------------------------------  -----  ---------  --------  ----------  --------------  -------------------
/opt/airflow/dags/korzinavdom_dag.py                           1           0  0.31s           2025-05-15T17:50:10
================================================================================
[2025-05-15T17:50:57.709+0000] {manager.py:878} INFO - 
================================================================================
DAG File Processing Stats

File Path                             PID    Runtime      # DAGs    # Errors  Last Runtime    Last Run
------------------------------------  -----  ---------  --------  ----------  --------------  -------------------
/opt/airflow/dags/korzinavdom_dag.py                           1           0  0.39s           2025-05-15T17:50:36
================================================================================
[2025-05-15T17:51:04.467+0000] {manager.py:452} INFO - Exiting gracefully upon receiving signal 15
[2025-05-15T17:51:38.892+0000] {manager.py:470} INFO - Processing files using up to 2 processes at a time 
[2025-05-15T17:51:38.893+0000] {manager.py:471} INFO - Process each file at most once every 30 seconds
[2025-05-15T17:51:38.894+0000] {manager.py:472} INFO - Checking for new files in /opt/airflow/dags every 300 seconds
[2025-05-15T17:51:38.894+0000] {manager.py:737} INFO - Searching for files in /opt/airflow/dags
[2025-05-15T17:51:38.926+0000] {manager.py:740} INFO - There are 1 files in /opt/airflow/dags
[2025-05-15T17:51:38.998+0000] {manager.py:878} INFO - 
================================================================================
DAG File Processing Stats

File Path                               PID  Runtime      # DAGs    # Errors  Last Runtime    Last Run
------------------------------------  -----  ---------  --------  ----------  --------------  ----------
/opt/airflow/dags/korzinavdom_dag.py    168  0.03s             0           0
================================================================================
[2025-05-15T17:52:11.593+0000] {manager.py:878} INFO - 
================================================================================
DAG File Processing Stats

File Path                             PID    Runtime      # DAGs    # Errors  Last Runtime    Last Run
------------------------------------  -----  ---------  --------  ----------  --------------  -------------------
/opt/airflow/dags/korzinavdom_dag.py                           1           0  0.39s           2025-05-15T17:52:09
================================================================================
[2025-05-15T17:52:44.504+0000] {manager.py:878} INFO - 
================================================================================
DAG File Processing Stats

File Path                             PID    Runtime      # DAGs    # Errors  Last Runtime    Last Run
------------------------------------  -----  ---------  --------  ----------  --------------  -------------------
/opt/airflow/dags/korzinavdom_dag.py                           1           0  0.40s           2025-05-15T17:52:40
================================================================================
[2025-05-15T17:53:17.235+0000] {manager.py:878} INFO - 
================================================================================
DAG File Processing Stats

File Path                             PID    Runtime      # DAGs    # Errors  Last Runtime    Last Run
------------------------------------  -----  ---------  --------  ----------  --------------  -------------------
/opt/airflow/dags/korzinavdom_dag.py                           1           0  0.36s           2025-05-15T17:53:11
================================================================================
[2025-05-15T17:53:50.002+0000] {manager.py:878} INFO - 
================================================================================
DAG File Processing Stats

File Path                             PID    Runtime      # DAGs    # Errors  Last Runtime    Last Run
------------------------------------  -----  ---------  --------  ----------  --------------  -------------------
/opt/airflow/dags/korzinavdom_dag.py                           1           0  0.37s           2025-05-15T17:53:42
================================================================================
[2025-05-15T17:54:22.680+0000] {manager.py:878} INFO - 
================================================================================
DAG File Processing Stats

File Path                             PID    Runtime      # DAGs    # Errors  Last Runtime    Last Run
------------------------------------  -----  ---------  --------  ----------  --------------  -------------------
/opt/airflow/dags/korzinavdom_dag.py                           1           0  0.36s           2025-05-15T17:54:12
================================================================================
[2025-05-15T17:54:55.593+0000] {manager.py:878} INFO - 
================================================================================
DAG File Processing Stats

File Path                             PID    Runtime      # DAGs    # Errors  Last Runtime    Last Run
------------------------------------  -----  ---------  --------  ----------  --------------  -------------------
/opt/airflow/dags/korzinavdom_dag.py                           1           0  0.37s           2025-05-15T17:54:43
================================================================================
[2025-05-15T17:55:28.363+0000] {manager.py:878} INFO - 
================================================================================
DAG File Processing Stats

File Path                             PID    Runtime      # DAGs    # Errors  Last Runtime    Last Run
------------------------------------  -----  ---------  --------  ----------  --------------  -------------------
/opt/airflow/dags/korzinavdom_dag.py                           1           0  0.38s           2025-05-15T17:55:14
================================================================================
[2025-05-15T17:56:01.224+0000] {manager.py:878} INFO - 
================================================================================
DAG File Processing Stats

File Path                             PID    Runtime      # DAGs    # Errors  Last Runtime    Last Run
------------------------------------  -----  ---------  --------  ----------  --------------  -------------------
/opt/airflow/dags/korzinavdom_dag.py                           1           0  0.40s           2025-05-15T17:55:45
================================================================================
[2025-05-15T17:56:33.810+0000] {manager.py:878} INFO - 
================================================================================
DAG File Processing Stats

File Path                             PID    Runtime      # DAGs    # Errors  Last Runtime    Last Run
------------------------------------  -----  ---------  --------  ----------  --------------  -------------------
/opt/airflow/dags/korzinavdom_dag.py                           1           0  0.39s           2025-05-15T17:56:15
================================================================================
[2025-05-15T17:56:38.946+0000] {manager.py:737} INFO - Searching for files in /opt/airflow/dags
[2025-05-15T17:56:38.979+0000] {manager.py:740} INFO - There are 1 files in /opt/airflow/dags
[2025-05-15T17:57:06.339+0000] {manager.py:878} INFO - 
================================================================================
DAG File Processing Stats

File Path                             PID    Runtime      # DAGs    # Errors  Last Runtime    Last Run
------------------------------------  -----  ---------  --------  ----------  --------------  -------------------
/opt/airflow/dags/korzinavdom_dag.py                           1           0  0.37s           2025-05-15T17:56:46
================================================================================
[2025-05-15T17:57:38.937+0000] {manager.py:878} INFO - 
================================================================================
DAG File Processing Stats

File Path                             PID    Runtime      # DAGs    # Errors  Last Runtime    Last Run
------------------------------------  -----  ---------  --------  ----------  --------------  -------------------
/opt/airflow/dags/korzinavdom_dag.py                           1           0  0.39s           2025-05-15T17:57:16
================================================================================
[2025-05-15T17:58:12.506+0000] {manager.py:878} INFO - 
================================================================================
DAG File Processing Stats

File Path                             PID    Runtime      # DAGs    # Errors  Last Runtime    Last Run
------------------------------------  -----  ---------  --------  ----------  --------------  -------------------
/opt/airflow/dags/korzinavdom_dag.py                           1           0  0.36s           2025-05-15T17:57:47
================================================================================
[2025-05-15T17:58:48.012+0000] {manager.py:878} INFO - 
================================================================================
DAG File Processing Stats

File Path                             PID    Runtime      # DAGs    # Errors  Last Runtime    Last Run
------------------------------------  -----  ---------  --------  ----------  --------------  -------------------
/opt/airflow/dags/korzinavdom_dag.py                           1           0  0.39s           2025-05-15T17:58:18
================================================================================
[2025-05-15T17:59:21.016+0000] {manager.py:878} INFO - 
================================================================================
DAG File Processing Stats

File Path                               PID  Runtime      # DAGs    # Errors  Last Runtime    Last Run
------------------------------------  -----  ---------  --------  ----------  --------------  -------------------
/opt/airflow/dags/korzinavdom_dag.py    249  0.00s             1           0  0.40s           2025-05-15T17:58:49
================================================================================
[2025-05-15T17:59:54.098+0000] {manager.py:878} INFO - 
================================================================================
DAG File Processing Stats

File Path                             PID    Runtime      # DAGs    # Errors  Last Runtime    Last Run
------------------------------------  -----  ---------  --------  ----------  --------------  -------------------
/opt/airflow/dags/korzinavdom_dag.py                           1           0  0.37s           2025-05-15T17:59:53
================================================================================
[2025-05-15T18:00:27.145+0000] {manager.py:878} INFO - 
================================================================================
DAG File Processing Stats

File Path                             PID    Runtime      # DAGs    # Errors  Last Runtime    Last Run
------------------------------------  -----  ---------  --------  ----------  --------------  -------------------
/opt/airflow/dags/korzinavdom_dag.py                           1           0  0.41s           2025-05-15T18:00:26
================================================================================
[2025-05-15T18:01:00.020+0000] {manager.py:878} INFO - 
================================================================================
DAG File Processing Stats

File Path                             PID    Runtime      # DAGs    # Errors  Last Runtime    Last Run
------------------------------------  -----  ---------  --------  ----------  --------------  -------------------
/opt/airflow/dags/korzinavdom_dag.py                           1           0  0.40s           2025-05-15T18:00:59
================================================================================
[2025-05-15T18:01:33.191+0000] {manager.py:878} INFO - 
================================================================================
DAG File Processing Stats

File Path                             PID    Runtime      # DAGs    # Errors  Last Runtime    Last Run
------------------------------------  -----  ---------  --------  ----------  --------------  -------------------
/opt/airflow/dags/korzinavdom_dag.py                           1           0  0.36s           2025-05-15T18:01:31
================================================================================
[2025-05-15T18:01:39.217+0000] {manager.py:737} INFO - Searching for files in /opt/airflow/dags
[2025-05-15T18:01:39.248+0000] {manager.py:740} INFO - There are 1 files in /opt/airflow/dags
[2025-05-15T18:02:06.376+0000] {manager.py:878} INFO - 
================================================================================
DAG File Processing Stats

File Path                             PID    Runtime      # DAGs    # Errors  Last Runtime    Last Run
------------------------------------  -----  ---------  --------  ----------  --------------  -------------------
/opt/airflow/dags/korzinavdom_dag.py                           1           0  0.36s           2025-05-15T18:02:04
================================================================================
[2025-05-15T18:02:39.183+0000] {manager.py:878} INFO - 
================================================================================
DAG File Processing Stats

File Path                             PID    Runtime      # DAGs    # Errors  Last Runtime    Last Run
------------------------------------  -----  ---------  --------  ----------  --------------  -------------------
/opt/airflow/dags/korzinavdom_dag.py                           1           0  0.46s           2025-05-15T18:02:37
================================================================================
[2025-05-15T18:03:12.778+0000] {manager.py:878} INFO - 
================================================================================
DAG File Processing Stats

File Path                             PID    Runtime      # DAGs    # Errors  Last Runtime    Last Run
------------------------------------  -----  ---------  --------  ----------  --------------  -------------------
/opt/airflow/dags/korzinavdom_dag.py                           1           0  0.39s           2025-05-15T18:03:10
================================================================================
[2025-05-15T18:03:46.334+0000] {manager.py:878} INFO - 
================================================================================
DAG File Processing Stats

File Path                             PID    Runtime      # DAGs    # Errors  Last Runtime    Last Run
------------------------------------  -----  ---------  --------  ----------  --------------  -------------------
/opt/airflow/dags/korzinavdom_dag.py                           1           0  0.40s           2025-05-15T18:03:40
================================================================================
[2025-05-15T18:04:19.862+0000] {manager.py:878} INFO - 
================================================================================
DAG File Processing Stats

File Path                             PID    Runtime      # DAGs    # Errors  Last Runtime    Last Run
------------------------------------  -----  ---------  --------  ----------  --------------  -------------------
/opt/airflow/dags/korzinavdom_dag.py                           1           0  0.36s           2025-05-15T18:04:11
================================================================================
[2025-05-15T18:04:53.332+0000] {manager.py:878} INFO - 
================================================================================
DAG File Processing Stats

File Path                             PID    Runtime      # DAGs    # Errors  Last Runtime    Last Run
------------------------------------  -----  ---------  --------  ----------  --------------  -------------------
/opt/airflow/dags/korzinavdom_dag.py                           1           0  0.39s           2025-05-15T18:04:41
================================================================================
[2025-05-15T18:05:26.869+0000] {manager.py:878} INFO - 
================================================================================
DAG File Processing Stats

File Path                             PID    Runtime      # DAGs    # Errors  Last Runtime    Last Run
------------------------------------  -----  ---------  --------  ----------  --------------  -------------------
/opt/airflow/dags/korzinavdom_dag.py                           1           0  0.36s           2025-05-15T18:05:12
================================================================================
[2025-05-15T18:06:00.517+0000] {manager.py:878} INFO - 
================================================================================
DAG File Processing Stats

File Path                             PID    Runtime      # DAGs    # Errors  Last Runtime    Last Run
------------------------------------  -----  ---------  --------  ----------  --------------  -------------------
/opt/airflow/dags/korzinavdom_dag.py                           1           0  0.35s           2025-05-15T18:05:42
================================================================================
[2025-05-15T18:06:33.914+0000] {manager.py:878} INFO - 
================================================================================
DAG File Processing Stats

File Path                             PID    Runtime      # DAGs    # Errors  Last Runtime    Last Run
------------------------------------  -----  ---------  --------  ----------  --------------  -------------------
/opt/airflow/dags/korzinavdom_dag.py                           1           0  0.38s           2025-05-15T18:06:13
================================================================================
[2025-05-15T18:06:39.293+0000] {manager.py:737} INFO - Searching for files in /opt/airflow/dags
[2025-05-15T18:06:39.328+0000] {manager.py:740} INFO - There are 1 files in /opt/airflow/dags
[2025-05-15T18:07:07.411+0000] {manager.py:878} INFO - 
================================================================================
DAG File Processing Stats

File Path                             PID    Runtime      # DAGs    # Errors  Last Runtime    Last Run
------------------------------------  -----  ---------  --------  ----------  --------------  -------------------
/opt/airflow/dags/korzinavdom_dag.py                           1           0  0.36s           2025-05-15T18:06:43
================================================================================
[2025-05-15T18:07:40.946+0000] {manager.py:878} INFO - 
================================================================================
DAG File Processing Stats

File Path                             PID    Runtime      # DAGs    # Errors  Last Runtime    Last Run
------------------------------------  -----  ---------  --------  ----------  --------------  -------------------
/opt/airflow/dags/korzinavdom_dag.py                           1           0  0.38s           2025-05-15T18:07:14
================================================================================
[2025-05-15T18:08:14.596+0000] {manager.py:878} INFO - 
================================================================================
DAG File Processing Stats

File Path                             PID    Runtime      # DAGs    # Errors  Last Runtime    Last Run
------------------------------------  -----  ---------  --------  ----------  --------------  -------------------
/opt/airflow/dags/korzinavdom_dag.py                           1           0  0.39s           2025-05-15T18:07:44
================================================================================
[2025-05-15T18:08:48.072+0000] {manager.py:878} INFO - 
================================================================================
DAG File Processing Stats

File Path                             PID    Runtime      # DAGs    # Errors  Last Runtime    Last Run
------------------------------------  -----  ---------  --------  ----------  --------------  -------------------
/opt/airflow/dags/korzinavdom_dag.py                           1           0  0.57s           2025-05-15T18:08:46
================================================================================
[2025-05-15T18:09:21.190+0000] {manager.py:878} INFO - 
================================================================================
DAG File Processing Stats

File Path                             PID    Runtime      # DAGs    # Errors  Last Runtime    Last Run
------------------------------------  -----  ---------  --------  ----------  --------------  -------------------
/opt/airflow/dags/korzinavdom_dag.py                           1           0  0.39s           2025-05-15T18:09:16
================================================================================
[2025-05-15T18:09:54.810+0000] {manager.py:878} INFO - 
================================================================================
DAG File Processing Stats

File Path                             PID    Runtime      # DAGs    # Errors  Last Runtime    Last Run
------------------------------------  -----  ---------  --------  ----------  --------------  -------------------
/opt/airflow/dags/korzinavdom_dag.py                           1           0  0.40s           2025-05-15T18:09:47
================================================================================
[2025-05-15T18:10:28.323+0000] {manager.py:878} INFO - 
================================================================================
DAG File Processing Stats

File Path                             PID    Runtime      # DAGs    # Errors  Last Runtime    Last Run
------------------------------------  -----  ---------  --------  ----------  --------------  -------------------
/opt/airflow/dags/korzinavdom_dag.py                           1           0  0.38s           2025-05-15T18:10:18
================================================================================
[2025-05-15T18:10:59.979+0000] {manager.py:878} INFO - 
================================================================================
DAG File Processing Stats

File Path                             PID    Runtime      # DAGs    # Errors  Last Runtime    Last Run
------------------------------------  -----  ---------  --------  ----------  --------------  -------------------
/opt/airflow/dags/korzinavdom_dag.py                           1           0  0.39s           2025-05-15T18:10:49
================================================================================
[2025-05-15T18:11:35.107+0000] {manager.py:878} INFO - 
================================================================================
DAG File Processing Stats

File Path                             PID    Runtime      # DAGs    # Errors  Last Runtime    Last Run
------------------------------------  -----  ---------  --------  ----------  --------------  -------------------
/opt/airflow/dags/korzinavdom_dag.py                           1           0  0.35s           2025-05-15T18:11:20
================================================================================
[2025-05-15T18:11:39.475+0000] {manager.py:737} INFO - Searching for files in /opt/airflow/dags
[2025-05-15T18:11:39.511+0000] {manager.py:740} INFO - There are 1 files in /opt/airflow/dags
[2025-05-15T18:12:08.967+0000] {manager.py:878} INFO - 
================================================================================
DAG File Processing Stats

File Path                             PID    Runtime      # DAGs    # Errors  Last Runtime    Last Run
------------------------------------  -----  ---------  --------  ----------  --------------  -------------------
/opt/airflow/dags/korzinavdom_dag.py                           1           0  0.50s           2025-05-15T18:11:51
================================================================================
[2025-05-15T18:12:42.469+0000] {manager.py:878} INFO - 
================================================================================
DAG File Processing Stats

File Path                             PID    Runtime      # DAGs    # Errors  Last Runtime    Last Run
------------------------------------  -----  ---------  --------  ----------  --------------  -------------------
/opt/airflow/dags/korzinavdom_dag.py                           1           0  0.39s           2025-05-15T18:12:22
================================================================================
[2025-05-15T18:13:16.029+0000] {manager.py:878} INFO - 
================================================================================
DAG File Processing Stats

File Path                             PID    Runtime      # DAGs    # Errors  Last Runtime    Last Run
------------------------------------  -----  ---------  --------  ----------  --------------  -------------------
/opt/airflow/dags/korzinavdom_dag.py                           1           0  0.38s           2025-05-15T18:12:52
================================================================================
[2025-05-15T18:13:48.882+0000] {manager.py:878} INFO - 
================================================================================
DAG File Processing Stats

File Path                             PID    Runtime      # DAGs    # Errors  Last Runtime    Last Run
------------------------------------  -----  ---------  --------  ----------  --------------  -------------------
/opt/airflow/dags/korzinavdom_dag.py                           1           0  0.41s           2025-05-15T18:13:23
================================================================================
[2025-05-15T18:14:22.250+0000] {manager.py:878} INFO - 
================================================================================
DAG File Processing Stats

File Path                             PID    Runtime      # DAGs    # Errors  Last Runtime    Last Run
------------------------------------  -----  ---------  --------  ----------  --------------  -------------------
/opt/airflow/dags/korzinavdom_dag.py                           1           0  0.39s           2025-05-15T18:13:54
================================================================================
[2025-05-15T18:14:55.335+0000] {manager.py:878} INFO - 
================================================================================
DAG File Processing Stats

File Path                               PID  Runtime      # DAGs    # Errors  Last Runtime    Last Run
------------------------------------  -----  ---------  --------  ----------  --------------  -------------------
/opt/airflow/dags/korzinavdom_dag.py    401  0.00s             1           0  0.38s           2025-05-15T18:14:24
================================================================================
[2025-05-15T18:15:28.785+0000] {manager.py:878} INFO - 
================================================================================
DAG File Processing Stats

File Path                             PID    Runtime      # DAGs    # Errors  Last Runtime    Last Run
------------------------------------  -----  ---------  --------  ----------  --------------  -------------------
/opt/airflow/dags/korzinavdom_dag.py                           1           0  0.41s           2025-05-15T18:15:26
================================================================================
[2025-05-15T18:16:02.179+0000] {manager.py:878} INFO - 
================================================================================
DAG File Processing Stats

File Path                             PID    Runtime      # DAGs    # Errors  Last Runtime    Last Run
------------------------------------  -----  ---------  --------  ----------  --------------  -------------------
/opt/airflow/dags/korzinavdom_dag.py                           1           0  0.39s           2025-05-15T18:15:57
================================================================================
[2025-05-15T18:16:35.378+0000] {manager.py:878} INFO - 
================================================================================
DAG File Processing Stats

File Path                             PID    Runtime      # DAGs    # Errors  Last Runtime    Last Run
------------------------------------  -----  ---------  --------  ----------  --------------  -------------------
/opt/airflow/dags/korzinavdom_dag.py                           1           0  0.37s           2025-05-15T18:16:27
================================================================================
[2025-05-15T18:16:39.757+0000] {manager.py:737} INFO - Searching for files in /opt/airflow/dags
[2025-05-15T18:16:39.787+0000] {manager.py:740} INFO - There are 1 files in /opt/airflow/dags
[2025-05-15T18:17:08.901+0000] {manager.py:878} INFO - 
================================================================================
DAG File Processing Stats

File Path                             PID    Runtime      # DAGs    # Errors  Last Runtime    Last Run
------------------------------------  -----  ---------  --------  ----------  --------------  -------------------
/opt/airflow/dags/korzinavdom_dag.py                           1           0  0.32s           2025-05-15T18:16:58
================================================================================
[2025-05-15T18:17:42.337+0000] {manager.py:878} INFO - 
================================================================================
DAG File Processing Stats

File Path                             PID    Runtime      # DAGs    # Errors  Last Runtime    Last Run
------------------------------------  -----  ---------  --------  ----------  --------------  -------------------
/opt/airflow/dags/korzinavdom_dag.py                           1           0  0.31s           2025-05-15T18:17:28
================================================================================
[2025-05-15T18:18:15.675+0000] {manager.py:878} INFO - 
================================================================================
DAG File Processing Stats

File Path                             PID    Runtime      # DAGs    # Errors  Last Runtime    Last Run
------------------------------------  -----  ---------  --------  ----------  --------------  -------------------
/opt/airflow/dags/korzinavdom_dag.py                           1           0  0.35s           2025-05-15T18:18:00
================================================================================
[2025-05-15T18:18:48.882+0000] {manager.py:878} INFO - 
================================================================================
DAG File Processing Stats

File Path                             PID    Runtime      # DAGs    # Errors  Last Runtime    Last Run
------------------------------------  -----  ---------  --------  ----------  --------------  -------------------
/opt/airflow/dags/korzinavdom_dag.py                           1           0  2.32s           2025-05-15T18:18:33
================================================================================
[2025-05-15T18:19:22.025+0000] {manager.py:878} INFO - 
================================================================================
DAG File Processing Stats

File Path                             PID    Runtime      # DAGs    # Errors  Last Runtime    Last Run
------------------------------------  -----  ---------  --------  ----------  --------------  -------------------
/opt/airflow/dags/korzinavdom_dag.py                           1           0  0.31s           2025-05-15T18:19:06
================================================================================
[2025-05-15T18:19:55.445+0000] {manager.py:878} INFO - 
================================================================================
DAG File Processing Stats

File Path                             PID    Runtime      # DAGs    # Errors  Last Runtime    Last Run
------------------------------------  -----  ---------  --------  ----------  --------------  -------------------
/opt/airflow/dags/korzinavdom_dag.py                           1           0  0.32s           2025-05-15T18:19:39
================================================================================
[2025-05-15T18:20:28.484+0000] {manager.py:878} INFO - 
================================================================================
DAG File Processing Stats

File Path                             PID    Runtime      # DAGs    # Errors  Last Runtime    Last Run
------------------------------------  -----  ---------  --------  ----------  --------------  -------------------
/opt/airflow/dags/korzinavdom_dag.py                           1           0  2.33s           2025-05-15T18:20:11
================================================================================
[2025-05-15T18:21:01.673+0000] {manager.py:878} INFO - 
================================================================================
DAG File Processing Stats

File Path                             PID    Runtime      # DAGs    # Errors  Last Runtime    Last Run
------------------------------------  -----  ---------  --------  ----------  --------------  -------------------
/opt/airflow/dags/korzinavdom_dag.py                           1           0  0.31s           2025-05-15T18:20:44
================================================================================
[2025-05-15T18:21:35.087+0000] {manager.py:878} INFO - 
================================================================================
DAG File Processing Stats

File Path                             PID    Runtime      # DAGs    # Errors  Last Runtime    Last Run
------------------------------------  -----  ---------  --------  ----------  --------------  -------------------
/opt/airflow/dags/korzinavdom_dag.py                           1           0  0.30s           2025-05-15T18:21:17
================================================================================
[2025-05-15T18:21:40.124+0000] {manager.py:737} INFO - Searching for files in /opt/airflow/dags
[2025-05-15T18:21:40.150+0000] {manager.py:740} INFO - There are 1 files in /opt/airflow/dags
[2025-05-15T18:22:08.315+0000] {manager.py:878} INFO - 
================================================================================
DAG File Processing Stats

File Path                             PID    Runtime      # DAGs    # Errors  Last Runtime    Last Run
------------------------------------  -----  ---------  --------  ----------  --------------  -------------------
/opt/airflow/dags/korzinavdom_dag.py                           1           0  0.36s           2025-05-15T18:21:51
================================================================================
[2025-05-15T18:22:41.920+0000] {manager.py:878} INFO - 
================================================================================
DAG File Processing Stats

File Path                             PID    Runtime      # DAGs    # Errors  Last Runtime    Last Run
------------------------------------  -----  ---------  --------  ----------  --------------  -------------------
/opt/airflow/dags/korzinavdom_dag.py                           1           0  0.37s           2025-05-15T18:22:24
================================================================================
[2025-05-15T18:23:15.471+0000] {manager.py:878} INFO - 
================================================================================
DAG File Processing Stats

File Path                             PID    Runtime      # DAGs    # Errors  Last Runtime    Last Run
------------------------------------  -----  ---------  --------  ----------  --------------  -------------------
/opt/airflow/dags/korzinavdom_dag.py                           1           0  0.39s           2025-05-15T18:22:57
================================================================================
[2025-05-15T18:23:48.682+0000] {manager.py:878} INFO - 
================================================================================
DAG File Processing Stats

File Path                             PID    Runtime      # DAGs    # Errors  Last Runtime    Last Run
------------------------------------  -----  ---------  --------  ----------  --------------  -------------------
/opt/airflow/dags/korzinavdom_dag.py                           1           0  2.34s           2025-05-15T18:23:29
================================================================================
[2025-05-15T18:24:22.224+0000] {manager.py:878} INFO - 
================================================================================
DAG File Processing Stats

File Path                             PID    Runtime      # DAGs    # Errors  Last Runtime    Last Run
------------------------------------  -----  ---------  --------  ----------  --------------  -------------------
/opt/airflow/dags/korzinavdom_dag.py                           1           0  0.39s           2025-05-15T18:24:03
================================================================================
[2025-05-15T18:24:55.419+0000] {manager.py:878} INFO - 
================================================================================
DAG File Processing Stats

File Path                             PID    Runtime      # DAGs    # Errors  Last Runtime    Last Run
------------------------------------  -----  ---------  --------  ----------  --------------  -------------------
/opt/airflow/dags/korzinavdom_dag.py                           1           0  0.51s           2025-05-15T18:24:36
================================================================================
[2025-05-15T18:25:28.541+0000] {manager.py:878} INFO - 
================================================================================
DAG File Processing Stats

File Path                             PID    Runtime      # DAGs    # Errors  Last Runtime    Last Run
------------------------------------  -----  ---------  --------  ----------  --------------  -------------------
/opt/airflow/dags/korzinavdom_dag.py                           1           0  0.40s           2025-05-15T18:25:09
================================================================================
[2025-05-15T18:26:01.788+0000] {manager.py:878} INFO - 
================================================================================
DAG File Processing Stats

File Path                             PID    Runtime      # DAGs    # Errors  Last Runtime    Last Run
------------------------------------  -----  ---------  --------  ----------  --------------  -------------------
/opt/airflow/dags/korzinavdom_dag.py                           1           0  0.43s           2025-05-15T18:25:42
================================================================================
[2025-05-15T18:26:34.938+0000] {manager.py:878} INFO - 
================================================================================
DAG File Processing Stats

File Path                             PID    Runtime      # DAGs    # Errors  Last Runtime    Last Run
------------------------------------  -----  ---------  --------  ----------  --------------  -------------------
/opt/airflow/dags/korzinavdom_dag.py                           1           0  0.39s           2025-05-15T18:26:15
================================================================================
[2025-05-15T18:26:40.373+0000] {manager.py:737} INFO - Searching for files in /opt/airflow/dags
[2025-05-15T18:26:40.400+0000] {manager.py:740} INFO - There are 1 files in /opt/airflow/dags
[2025-05-15T18:27:08.760+0000] {manager.py:878} INFO - 
================================================================================
DAG File Processing Stats

File Path                             PID    Runtime      # DAGs    # Errors  Last Runtime    Last Run
------------------------------------  -----  ---------  --------  ----------  --------------  -------------------
/opt/airflow/dags/korzinavdom_dag.py                           1           0  2.27s           2025-05-15T18:26:47
================================================================================
[2025-05-15T18:27:42.365+0000] {manager.py:878} INFO - 
================================================================================
DAG File Processing Stats

File Path                             PID    Runtime      # DAGs    # Errors  Last Runtime    Last Run
------------------------------------  -----  ---------  --------  ----------  --------------  -------------------
/opt/airflow/dags/korzinavdom_dag.py                           1           0  2.28s           2025-05-15T18:27:21
================================================================================
[2025-05-15T18:28:15.589+0000] {manager.py:878} INFO - 
================================================================================
DAG File Processing Stats

File Path                             PID    Runtime      # DAGs    # Errors  Last Runtime    Last Run
------------------------------------  -----  ---------  --------  ----------  --------------  -------------------
/opt/airflow/dags/korzinavdom_dag.py                           1           0  0.59s           2025-05-15T18:27:55
================================================================================
[2025-05-15T18:28:48.696+0000] {manager.py:878} INFO - 
================================================================================
DAG File Processing Stats

File Path                             PID    Runtime      # DAGs    # Errors  Last Runtime    Last Run
------------------------------------  -----  ---------  --------  ----------  --------------  -------------------
/opt/airflow/dags/korzinavdom_dag.py                           1           0  0.38s           2025-05-15T18:28:27
================================================================================
[2025-05-15T18:29:21.934+0000] {manager.py:878} INFO - 
================================================================================
DAG File Processing Stats

File Path                             PID    Runtime      # DAGs    # Errors  Last Runtime    Last Run
------------------------------------  -----  ---------  --------  ----------  --------------  -------------------
/opt/airflow/dags/korzinavdom_dag.py                           1           0  2.24s           2025-05-15T18:29:00
================================================================================
[2025-05-15T18:29:55.590+0000] {manager.py:878} INFO - 
================================================================================
DAG File Processing Stats

File Path                             PID    Runtime      # DAGs    # Errors  Last Runtime    Last Run
------------------------------------  -----  ---------  --------  ----------  --------------  -------------------
/opt/airflow/dags/korzinavdom_dag.py                           1           0  0.43s           2025-05-15T18:29:33
================================================================================
[2025-05-15T18:30:28.721+0000] {manager.py:878} INFO - 
================================================================================
DAG File Processing Stats

File Path                             PID    Runtime      # DAGs    # Errors  Last Runtime    Last Run
------------------------------------  -----  ---------  --------  ----------  --------------  -------------------
/opt/airflow/dags/korzinavdom_dag.py                           1           0  0.40s           2025-05-15T18:30:06
================================================================================
[2025-05-15T18:31:02.179+0000] {manager.py:878} INFO - 
================================================================================
DAG File Processing Stats

File Path                             PID    Runtime      # DAGs    # Errors  Last Runtime    Last Run
------------------------------------  -----  ---------  --------  ----------  --------------  -------------------
/opt/airflow/dags/korzinavdom_dag.py                           1           0  0.51s           2025-05-15T18:30:39
================================================================================
[2025-05-15T18:31:35.389+0000] {manager.py:878} INFO - 
================================================================================
DAG File Processing Stats

File Path                             PID    Runtime      # DAGs    # Errors  Last Runtime    Last Run
------------------------------------  -----  ---------  --------  ----------  --------------  -------------------
/opt/airflow/dags/korzinavdom_dag.py                           1           0  2.37s           2025-05-15T18:31:12
================================================================================
[2025-05-15T18:31:40.420+0000] {manager.py:737} INFO - Searching for files in /opt/airflow/dags
[2025-05-15T18:31:40.464+0000] {manager.py:740} INFO - There are 1 files in /opt/airflow/dags
[2025-05-15T18:32:08.662+0000] {manager.py:878} INFO - 
================================================================================
DAG File Processing Stats

File Path                             PID    Runtime      # DAGs    # Errors  Last Runtime    Last Run
------------------------------------  -----  ---------  --------  ----------  --------------  -------------------
/opt/airflow/dags/korzinavdom_dag.py                           1           0  0.39s           2025-05-15T18:31:45
================================================================================
[2025-05-15T18:32:42.393+0000] {manager.py:878} INFO - 
================================================================================
DAG File Processing Stats

File Path                             PID    Runtime      # DAGs    # Errors  Last Runtime    Last Run
------------------------------------  -----  ---------  --------  ----------  --------------  -------------------
/opt/airflow/dags/korzinavdom_dag.py                           1           0  2.39s           2025-05-15T18:32:18
================================================================================
[2025-05-15T18:33:15.814+0000] {manager.py:878} INFO - 
================================================================================
DAG File Processing Stats

File Path                             PID    Runtime      # DAGs    # Errors  Last Runtime    Last Run
------------------------------------  -----  ---------  --------  ----------  --------------  -------------------
/opt/airflow/dags/korzinavdom_dag.py                           1           0  0.41s           2025-05-15T18:32:51
================================================================================
[2025-05-15T18:33:49.073+0000] {manager.py:878} INFO - 
================================================================================
DAG File Processing Stats

File Path                             PID    Runtime      # DAGs    # Errors  Last Runtime    Last Run
------------------------------------  -----  ---------  --------  ----------  --------------  -------------------
/opt/airflow/dags/korzinavdom_dag.py                           1           0  0.39s           2025-05-15T18:33:25
================================================================================
[2025-05-15T18:34:22.627+0000] {manager.py:878} INFO - 
================================================================================
DAG File Processing Stats

File Path                             PID    Runtime      # DAGs    # Errors  Last Runtime    Last Run
------------------------------------  -----  ---------  --------  ----------  --------------  -------------------
/opt/airflow/dags/korzinavdom_dag.py                           1           0  0.57s           2025-05-15T18:33:57
================================================================================
[2025-05-15T18:34:55.996+0000] {manager.py:878} INFO - 
================================================================================
DAG File Processing Stats

File Path                             PID    Runtime      # DAGs    # Errors  Last Runtime    Last Run
------------------------------------  -----  ---------  --------  ----------  --------------  -------------------
/opt/airflow/dags/korzinavdom_dag.py                           1           0  0.53s           2025-05-15T18:34:31
================================================================================
[2025-05-15T18:35:29.613+0000] {manager.py:878} INFO - 
================================================================================
DAG File Processing Stats

File Path                             PID    Runtime      # DAGs    # Errors  Last Runtime    Last Run
------------------------------------  -----  ---------  --------  ----------  --------------  -------------------
/opt/airflow/dags/korzinavdom_dag.py                           1           0  2.31s           2025-05-15T18:35:03
================================================================================
[2025-05-15T18:36:02.807+0000] {manager.py:878} INFO - 
================================================================================
DAG File Processing Stats

File Path                             PID    Runtime      # DAGs    # Errors  Last Runtime    Last Run
------------------------------------  -----  ---------  --------  ----------  --------------  -------------------
/opt/airflow/dags/korzinavdom_dag.py                           1           0  0.36s           2025-05-15T18:35:36
================================================================================
[2025-05-15T18:36:36.545+0000] {manager.py:878} INFO - 
================================================================================
DAG File Processing Stats

File Path                             PID    Runtime      # DAGs    # Errors  Last Runtime    Last Run
------------------------------------  -----  ---------  --------  ----------  --------------  -------------------
/opt/airflow/dags/korzinavdom_dag.py                           1           0  0.45s           2025-05-15T18:36:07
================================================================================
[2025-05-15T18:36:42.762+0000] {manager.py:737} INFO - Searching for files in /opt/airflow/dags
[2025-05-15T18:36:42.811+0000] {manager.py:740} INFO - There are 1 files in /opt/airflow/dags
[2025-05-15T18:37:09.475+0000] {manager.py:878} INFO - 
================================================================================
DAG File Processing Stats

File Path                             PID    Runtime      # DAGs    # Errors  Last Runtime    Last Run
------------------------------------  -----  ---------  --------  ----------  --------------  -------------------
/opt/airflow/dags/korzinavdom_dag.py                           1           0  0.52s           2025-05-15T18:37:09
================================================================================
[2025-05-15T18:37:42.741+0000] {manager.py:878} INFO - 
================================================================================
DAG File Processing Stats

File Path                             PID    Runtime      # DAGs    # Errors  Last Runtime    Last Run
------------------------------------  -----  ---------  --------  ----------  --------------  -------------------
/opt/airflow/dags/korzinavdom_dag.py                           1           0  0.40s           2025-05-15T18:37:39
================================================================================
[2025-05-15T18:38:16.107+0000] {manager.py:878} INFO - 
================================================================================
DAG File Processing Stats

File Path                             PID    Runtime      # DAGs    # Errors  Last Runtime    Last Run
------------------------------------  -----  ---------  --------  ----------  --------------  -------------------
/opt/airflow/dags/korzinavdom_dag.py                           1           0  0.34s           2025-05-15T18:38:10
================================================================================
[2025-05-15T18:38:49.272+0000] {manager.py:878} INFO - 
================================================================================
DAG File Processing Stats

File Path                             PID    Runtime      # DAGs    # Errors  Last Runtime    Last Run
------------------------------------  -----  ---------  --------  ----------  --------------  -------------------
/opt/airflow/dags/korzinavdom_dag.py                           1           0  0.59s           2025-05-15T18:38:41
================================================================================
